<?xml version="1.0" encoding="UTF-8"?>
<testsuite xmlns:xsi="http://www.w3.org/2001/XMLSchema-instance" xsi:noNamespaceSchemaLocation="https://maven.apache.org/surefire/maven-surefire-plugin/xsd/surefire-test-report.xsd" name="com.assistant.health.HealthServiceTest" time="1.236" tests="4" errors="0" skipped="0" failures="0">
  <properties>
[...]
</properties>
  <testcase name="addRecord_successWhenHabitIsValidAndNotPunched" classname="com.assistant.health.HealthServiceTest" time="1.173"/>
  <testcase name="addRecord_throwsExceptionWhenHabitIsInvalid" classname="com.assistant.health.HealthServiceTest" time="0.003"/>
  <testcase name="addRecord_throwsExceptionWhenHabitAlreadyPunchedToday" classname="com.assistant.health.HealthServiceTest" time="0.003"/>
  <testcase name="getRecordsGroupedByDate_returnsCorrectlyGroupedMap" classname="com.assistant.health.HealthServiceTest" time="0.004"/>
</testsuite>