<?xml version="1.0" encoding="UTF-8"?>
<testsuite xmlns:xsi="http://www.w3.org/2001/XMLSchema-instance" xsi:noNamespaceSchemaLocation="https://maven.apache.org/surefire/maven-surefire-plugin/xsd/surefire-test-report.xsd" name="com.assistant.task.TaskTypeServiceTest" time="0.001" tests="5" errors="0" skipped="0" failures="0">
  <properties>
[...]
</properties>
  <testcase name="testGetAllTypes_WithTypes" classname="com.assistant.task.TaskTypeServiceTest" time="0"/>
  <testcase name="testAddType" classname="com.assistant.task.TaskTypeServiceTest" time="0"/>
  <testcase name="testGetType_NonExisting" classname="com.assistant.task.TaskTypeServiceTest" time="0"/>
  <testcase name="testGetType_Existing" classname="com.assistant.task.TaskTypeServiceTest" time="0"/>
  <testcase name="testGetAllTypes_Empty" classname="com.assistant.task.TaskTypeServiceTest" time="0"/>
</testsuite>