<?xml version="1.0" encoding="UTF-8"?>
<testsuite xmlns:xsi="http://www.w3.org/2001/XMLSchema-instance" xsi:noNamespaceSchemaLocation="https://maven.apache.org/surefire/maven-surefire-plugin/xsd/surefire-test-report.xsd" name="com.assistant.finance.TransactionServiceTest" time="0.042" tests="11" errors="0" skipped="0" failures="0">
  <properties>
[...]
</properties>
  <testcase name="addIncomeTransaction_PositiveAmount_AddsTransaction" classname="com.assistant.finance.TransactionServiceTest" time="0.02"/>
  <testcase name="addExpenseTransaction_PositiveAmount_AddsTransaction" classname="com.assistant.finance.TransactionServiceTest" time="0.001"/>
  <testcase name="calculateMonthlyBalance_OnlyIncome_ReturnsCorrectBalance" classname="com.assistant.finance.TransactionServiceTest" time="0"/>
  <testcase name="calculateMonthlyBalance_OnlyExpense_ReturnsCorrectBalance" classname="com.assistant.finance.TransactionServiceTest" time="0.001"/>
  <testcase name="calculateMonthlyBalance_TransactionsInOtherMonths_IgnoresThem" classname="com.assistant.finance.TransactionServiceTest" time="0"/>
  <testcase name="addTransaction_NegativeAmount_ThrowsIllegalArgumentException" classname="com.assistant.finance.TransactionServiceTest" time="0.007"/>
  <testcase name="calculateMonthlyBalance_TransactionsAcrossYears_FiltersByYear" classname="com.assistant.finance.TransactionServiceTest" time="0.001"/>
  <testcase name="getAllTransactions_ReturnsCopy" classname="com.assistant.finance.TransactionServiceTest" time="0.001"/>
  <testcase name="calculateMonthlyBalance_MixedTransactions_ReturnsCorrectBalance" classname="com.assistant.finance.TransactionServiceTest" time="0"/>
  <testcase name="addTransaction_ZeroAmount_ThrowsIllegalArgumentException" classname="com.assistant.finance.TransactionServiceTest" time="0.001"/>
  <testcase name="calculateMonthlyBalance_NoTransactions_ReturnsZero" classname="com.assistant.finance.TransactionServiceTest" time="0"/>
</testsuite>